<?xml version="1.0" encoding="UTF-8"?>
<!-- Generated by org.testng.reporters.JUnitReportReporter -->
<testsuite hostname="dvcinh6098479" failures="0" tests="2" name="SuiteB.TestClassB" time="6.067" errors="0" timestamp="2024-12-25T15:09:45 IST" skipped="0">
  <testcase classname="SuiteB.TestClassB" name="testMethodB" time="3.038"/>
  <testcase classname="SuiteB.TestClassB" name="testMethodB" time="3.029"/>
</testsuite> <!-- SuiteB.TestClassB -->
