<?xml version="1.0" encoding="UTF-8"?>
<!-- Generated by org.testng.reporters.JUnitReportReporter -->
<testsuite hostname="dvcinh6098479" failures="0" tests="1" name="SuiteC.TestClassCC" time="3.027" errors="0" timestamp="2024-12-25T15:09:45 IST" skipped="0">
  <testcase classname="SuiteC.TestClassCC" name="testMehodCC" time="3.027"/>
</testsuite> <!-- SuiteC.TestClassCC -->
