<?xml version="1.0" encoding="UTF-8"?>
<!-- Generated by org.testng.reporters.JUnitReportReporter -->
<testsuite hostname="dvcinh6098479" failures="0" tests="2" name="SuiteA.TestClassA" time="6.056" errors="0" timestamp="2024-12-25T15:09:45 IST" skipped="0">
  <testcase classname="SuiteA.TestClassA" name="testMethodA" time="3.037"/>
  <testcase classname="SuiteA.TestClassA" name="testMethodA" time="3.019"/>
</testsuite> <!-- SuiteA.TestClassA -->
