<?xml version="1.0" encoding="UTF-8"?>
<!-- Generated by org.testng.reporters.JUnitReportReporter -->
<testsuite hostname="dvcinh6098479" failures="0" tests="2" name="SuiteB.TestClassBB" time="6.049" errors="0" timestamp="2024-12-25T15:09:45 IST" skipped="0">
  <testcase classname="SuiteB.TestClassBB" name="testMethodBB" time="3.030"/>
  <testcase classname="SuiteB.TestClassBB" name="testMethodBB" time="3.019"/>
</testsuite> <!-- SuiteB.TestClassBB -->
