<?xml version="1.0" encoding="UTF-8"?>
<!-- Generated by org.testng.reporters.JUnitReportReporter -->
<testsuite hostname="dvcinh6098479" failures="0" tests="2" name="SuiteA.TestClassAA" time="6.632" errors="0" timestamp="2024-12-25T15:09:45 IST" skipped="0">
  <testcase classname="SuiteA.TestClassAA" name="testMethodAA" time="3.328"/>
  <testcase classname="SuiteA.TestClassAA" name="testMethodAA" time="3.304"/>
</testsuite> <!-- SuiteA.TestClassAA -->
